<?xml version="1.0" encoding="UTF-8"?>
<!-- Generated by org.testng.reporters.JUnitReportReporter -->
<testsuite hostname="BLT0005-PC" name="Basictest.Sample" tests="1" failures="0" timestamp="23 Apr 2016 08:04:17 GMT" time="50.898" errors="0">
  <testcase name="f" time="50.898" classname="Basictest.Sample"/>
</testsuite> <!-- Basictest.Sample -->
