<?xml version="1.0" encoding="UTF-8"?>
<!-- Generated by org.testng.reporters.JUnitReportReporter -->
<testsuite hostname="BLT0005-PC" name="Basictest.annotation" tests="2" failures="0" timestamp="22 Apr 2016 05:34:35 GMT" time="0.347" errors="0">
  <testcase name="sampletest2" time="0.099" classname="Basictest.annotation"/>
  <testcase name="sampletest" time="0.248" classname="Basictest.annotation"/>
</testsuite> <!-- Basictest.annotation -->
